<?xml version="1.0" encoding="UTF-8"?>
<!-- Generated by org.testng.reporters.JUnitReportReporter -->
<testsuite skipped="0" hostname="HP-Laptop" name="tests.TestsExamples" tests="2" failures="0" timestamp="2021-01-06T12:40:35 IST" time="4.960" errors="0">
  <testcase name="test_2" time="1.443" classname="tests.TestsExamples"/>
  <system-out/>
  <testcase name="test_1" time="3.517" classname="tests.TestsExamples"/>
  <system-out/>
</testsuite> <!-- tests.TestsExamples -->
