<?xml version="1.0" encoding="UTF-8"?>
<!-- Generated by org.testng.reporters.JUnitReportReporter -->
<testsuite skipped="0" hostname="HP-Laptop" name="tests.JSONSchemaValidator" tests="1" failures="0" timestamp="2021-01-11T12:06:37 IST" time="4.677" errors="0">
  <testcase name="testGet" time="4.677" classname="tests.JSONSchemaValidator"/>
  <system-out/>
</testsuite> <!-- tests.JSONSchemaValidator -->
