<?xml version="1.0" encoding="UTF-8"?>
<!-- Generated by org.testng.reporters.JUnitReportReporter -->
<testsuite skipped="0" hostname="HP-Laptop" name="tests.PutPatchDeleteExamples" tests="2" failures="0" timestamp="2021-01-08T11:20:18 IST" time="4.320" errors="0">
  <testcase name="testPatch" time="3.851" classname="tests.PutPatchDeleteExamples"/>
  <system-out/>
  <testcase name="testPut" time="0.469" classname="tests.PutPatchDeleteExamples"/>
  <system-out/>
</testsuite> <!-- tests.PutPatchDeleteExamples -->
