<?xml version="1.0" encoding="UTF-8"?>
<!-- Generated by org.testng.reporters.JUnitReportReporter -->
<testsuite skipped="0" hostname="HP-Laptop" name="tests.XMLSchemaValidation" tests="1" failures="0" timestamp="2021-01-11T14:41:44 IST" time="8.439" errors="0">
  <testcase name="schemaValidation" time="8.439" classname="tests.XMLSchemaValidation"/>
  <system-out/>
</testsuite> <!-- tests.XMLSchemaValidation -->
