<?xml version="1.0" encoding="UTF-8"?>
<!-- Generated by org.testng.reporters.JUnitReportReporter -->
<testsuite skipped="0" hostname="HP-Laptop" name="tests.GetAndPostExamples" tests="1" failures="0" timestamp="2021-01-06T13:49:16 IST" time="4.139" errors="0">
  <testcase name="testPost" time="4.139" classname="tests.GetAndPostExamples"/>
  <system-out/>
</testsuite> <!-- tests.GetAndPostExamples -->
