<?xml version="1.0" encoding="UTF-8"?>
<!-- Generated by org.testng.reporters.JUnitReportReporter -->
<testsuite skipped="0" hostname="HP-Laptop" name="tests.SoapXMLRequest" tests="1" failures="0" timestamp="2021-01-11T13:13:29 IST" time="5.816" errors="0">
  <testcase name="validateSoapXML" time="5.816" classname="tests.SoapXMLRequest"/>
  <system-out/>
</testsuite> <!-- tests.SoapXMLRequest -->
